


ARM Macro Assembler    Page 1 


    1 00000000         ; IO.s
    2 00000000         ; Student names: change this to your names or look very 
                       silly
    3 00000000         ; Last modification date: change this to the last modifi
                       cation date or look very silly
    4 00000000         ; Runs on LM4F120/TM4C123
    5 00000000         
    6 00000000         ; EE319K lab 7 device driver for the switch and LED.
    7 00000000         ; You are allowed to use any switch and any LED,
    8 00000000         ; although the Lab suggests the SW1 switch PF4 and Red L
                       ED PF1
    9 00000000         
   10 00000000         ; As part of Lab 7, students need to implement these thr
                       ee functions
   11 00000000         
   12 00000000         ; negative logic SW2 connected to PF0 on the Launchpad
   13 00000000         ; red LED connected to PF1 on the Launchpad
   14 00000000         ; blue LED connected to PF2 on the Launchpad
   15 00000000         ; green LED connected to PF3 on the Launchpad
   16 00000000         ; negative logic SW1 connected to PF4 on the Launchpad
   17 00000000         
   18 00000000                 IMPORT           Delay1ms
   19 00000000                 EXPORT           IO_Init
   20 00000000                 EXPORT           IO_Touch
   21 00000000                 EXPORT           IO_HeartBeat
   22 00000000                 PRESERVE8
   23 00000000         
   24 00000000 400253FC 
                       GPIO_PORTF_DATA_R
                               EQU              0x400253FC
   25 00000000 40025400 
                       GPIO_PORTF_DIR_R
                               EQU              0x40025400
   26 00000000 40025420 
                       GPIO_PORTF_AFSEL_R
                               EQU              0x40025420
   27 00000000 40025510 
                       GPIO_PORTF_PUR_R
                               EQU              0x40025510
   28 00000000 4002551C 
                       GPIO_PORTF_DEN_R
                               EQU              0x4002551C
   29 00000000 40025520 
                       GPIO_PORTF_LOCK_R
                               EQU              0x40025520
   30 00000000 40025524 
                       GPIO_PORTF_CR_R
                               EQU              0x40025524
   31 00000000 40025528 
                       GPIO_PORTF_AMSEL_R
                               EQU              0x40025528
   32 00000000 4002552C 
                       GPIO_PORTF_PCTL_R
                               EQU              0x4002552C
   33 00000000 4C4F434B 
                       GPIO_LOCK_KEY
                               EQU              0x4C4F434B  ; Unlocks the GPIO_
                                                            CR register
   34 00000000 40025004 



ARM Macro Assembler    Page 2 


                       PF0     EQU              0x40025004
   35 00000000 40025008 
                       PF1     EQU              0x40025008
   36 00000000 40025010 
                       PF2     EQU              0x40025010
   37 00000000 40025020 
                       PF3     EQU              0x40025020
   38 00000000 40025040 
                       PF4     EQU              0x40025040
   39 00000000 40025038 
                       LEDS    EQU              0x40025038
   40 00000000 00000002 
                       RED     EQU              0x02
   41 00000000 00000004 
                       BLUE    EQU              0x04
   42 00000000 00000008 
                       GREEN   EQU              0x08
   43 00000000 40025044 
                       SWITCHES
                               EQU              0x40025044
   44 00000000 00000010 
                       SW1     EQU              0x10        ; on the left side 
                                                            of the Launchpad bo
                                                            ard
   45 00000000 00000001 
                       SW2     EQU              0x01        ; on the right side
                                                             of the Launchpad b
                                                            oard
   46 00000000 400FE608 
                       SYSCTL_RCGCGPIO_R
                               EQU              0x400FE608
   47 00000000         
   48 00000000                 AREA             |.text|, CODE, READONLY, ALIGN=
2
   49 00000000                 THUMB
   50 00000000         
   51 00000000         ;------------IO_Init------------
   52 00000000         ; Initialize GPIO Port for a switch and an LED
   53 00000000         ; Input: none
   54 00000000         ; Output: none
   55 00000000         ; This is a public function
   56 00000000         ; Invariables: This function must not permanently modify
                        registers R4 to R11
   57 00000000         IO_Init
   58 00000000 4924            LDR              R1, =SYSCTL_RCGCGPIO_R ; 1) act
                                                            ivate clock for Por
                                                            t F
   59 00000002 6808            LDR              R0, [R1]
   60 00000004 F040 0020       ORR              R0, R0, #0x20 ; set bit 5 to tu
                                                            rn on clock
   61 00000008 6008            STR              R0, [R1]
   62 0000000A BF00            NOP
   63 0000000C BF00            NOP                          ; allow time for cl
                                                            ock to finish
   64 0000000E 4922            LDR              R1, =GPIO_PORTF_LOCK_R ; 2) unl
                                                            ock the lock regist
                                                            er
   65 00000010 4822            LDR              R0, =0x4C4F434B ; unlock GPIO P
                                                            ort F Commit Regist



ARM Macro Assembler    Page 3 


                                                            er
   66 00000012 6008            STR              R0, [R1]
   67 00000014 4922            LDR              R1, =GPIO_PORTF_CR_R ; enable c
                                                            ommit for Port F
   68 00000016 F04F 00FF       MOV              R0, #0xFF   ; 1 means allow acc
                                                            ess
   69 0000001A 6008            STR              R0, [R1]
   70 0000001C 4921            LDR              R1, =GPIO_PORTF_AMSEL_R ; 3) di
                                                            sable analog functi
                                                            onality
   71 0000001E F04F 0000       MOV              R0, #0      ; 0 means analog is
                                                             off
   72 00000022 6008            STR              R0, [R1]
   73 00000024 4920            LDR              R1, =GPIO_PORTF_PCTL_R ; 4) con
                                                            figure as GPIO
   74 00000026 F04F 0000       MOV              R0, #0x00000000 ; 0 means confi
                                                            gure Port F as GPIO
                                                            
   75 0000002A 6008            STR              R0, [R1]
   76 0000002C 491F            LDR              R1, =GPIO_PORTF_DIR_R ; 5) set 
                                                            direction register
   77 0000002E F04F 000E       MOV              R0,#0x0E    ; PF0 and PF7-4 inp
                                                            ut, PF3-1 output
   78 00000032 6008            STR              R0, [R1]
   79 00000034 491E            LDR              R1, =GPIO_PORTF_AFSEL_R ; 6) re
                                                            gular port function
                                                            
   80 00000036 F04F 0000       MOV              R0, #0      ; 0 means disable a
                                                            lternate function 
   81 0000003A 6008            STR              R0, [R1]
   82 0000003C 491D            LDR              R1, =GPIO_PORTF_PUR_R ; pull-up
                                                             resistors for PF4,
                                                            PF0
   83 0000003E F04F 0011       MOV              R0, #0x11   ; enable weak pull-
                                                            up on PF0 and PF4
   84 00000042 6008            STR              R0, [R1]
   85 00000044 491C            LDR              R1, =GPIO_PORTF_DEN_R ; 7) enab
                                                            le Port F digital p
                                                            ort
   86 00000046 F04F 00FF       MOV              R0, #0xFF   ; 1 means enable di
                                                            gital I/O
   87 0000004A 6008            STR              R0, [R1]
   88 0000004C 4770            BX               LR
   89 0000004E         ;* * * * * * * * End of IO_Init * * * * * * * *
   90 0000004E         
   91 0000004E         ;------------IO_HeartBeat------------
   92 0000004E         ; Toggle the output state of the LED.
   93 0000004E         ; Input: none
   94 0000004E         ; Output: none
   95 0000004E         ; This is a public function
   96 0000004E         ; Invariables: This function must not permanently modify
                        registers R4 to R11
   97 0000004E         IO_HeartBeat
   98 0000004E B500            PUSH{LR}
   99 00000050 F44F 707A       MOV              R0, #1000
  100 00000054 F7FF FFFE       BL               Delay1ms
  101 00000058 4818            LDR              R0, =GPIO_PORTF_DATA_R
  102 0000005A 6801            LDR              R1, [R0]
  103 0000005C F081 0102       EOR              R1, R1, #0x02



ARM Macro Assembler    Page 4 


  104 00000060 6001            STR              R1, [R0]
  105 00000062 F85D EB04       POP{LR}
  106 00000066 4770            BX               LR          ; return
  107 00000068         ;* * * * * * * * End of IO_HeartBeat * * * * * * * *
  108 00000068         
  109 00000068         ;------------IO_Touch------------
  110 00000068         ; First: wait for the of the release of the switch
  111 00000068         ; and then: wait for the touch of the switch
  112 00000068         ; Input: none
  113 00000068         ; Input: none
  114 00000068         ; Output: none
  115 00000068         ; This is a public function
  116 00000068         ; Invariables: This function must not permanently modify
                        registers R4 to R11
  117 00000068         IO_Touch
  118 00000068 B500            PUSH             {LR}
  119 0000006A         Loop
  120 0000006A F44F 707A       MOV              R0, #1000
  121 0000006E F7FF FFFE       BL               Delay1ms
  122 00000072 4812            LDR              R0, =GPIO_PORTF_DATA_R
  123 00000074 6801            LDR              R1, [R0]
  124 00000076 F011 0101       ANDS             R1, #0x01
  125 0000007A D0F6            BEQ              Loop
  126 0000007C         Loop2
  127 0000007C F04F 000A       MOV              R0, #10
  128 00000080 F7FF FFFE       BL               Delay1ms
  129 00000084 480D            LDR              R0, =GPIO_PORTF_DATA_R
  130 00000086 6801            LDR              R1, [R0]
  131 00000088 F011 0101       ANDS             R1, #0x01
  132 0000008C D1F6            BNE              Loop2
  133 0000008E F85D EB04       POP              {LR}
  134 00000092 4770            BX               LR          ; return
  135 00000094         ;* * * * * * * * End of IO_Touch * * * * * * * *
  136 00000094         
  137 00000094                 ALIGN                        ; make sure the end
                                                             of this section is
                                                             aligned
  138 00000094                 END                          ; end of file
              400FE608 
              40025520 
              4C4F434B 
              40025524 
              40025528 
              4002552C 
              40025400 
              40025420 
              40025510 
              4002551C 
              400253FC 
Command Line: --debug --xref --cpu=Cortex-M4 --apcs=interwork --depend=.\io.d -
o.\io.o -IC:\Keil\ARM\RV31\INC -IC:\Keil\ARM\CMSIS\Include -IC:\Keil\ARM\Inc\Lu
minary --predefine="__MICROLIB SETA 1" --list=.\io.lst IO.s



ARM Macro Assembler    Page 1 Alphabetic symbol ordering
Relocatable symbols

.text 00000000

Symbol: .text
   Definitions
      At line 48 in file IO.s
   Uses
      None
Comment: .text unused
IO_HeartBeat 0000004E

Symbol: IO_HeartBeat
   Definitions
      At line 97 in file IO.s
   Uses
      At line 21 in file IO.s
Comment: IO_HeartBeat used once
IO_Init 00000000

Symbol: IO_Init
   Definitions
      At line 57 in file IO.s
   Uses
      At line 19 in file IO.s
Comment: IO_Init used once
IO_Touch 00000068

Symbol: IO_Touch
   Definitions
      At line 117 in file IO.s
   Uses
      At line 20 in file IO.s
Comment: IO_Touch used once
Loop 0000006A

Symbol: Loop
   Definitions
      At line 119 in file IO.s
   Uses
      At line 125 in file IO.s
Comment: Loop used once
Loop2 0000007C

Symbol: Loop2
   Definitions
      At line 126 in file IO.s
   Uses
      At line 132 in file IO.s
Comment: Loop2 used once
6 symbols



ARM Macro Assembler    Page 1 Alphabetic symbol ordering
Absolute symbols

BLUE 00000004

Symbol: BLUE
   Definitions
      At line 41 in file IO.s
   Uses
      None
Comment: BLUE unused
GPIO_LOCK_KEY 4C4F434B

Symbol: GPIO_LOCK_KEY
   Definitions
      At line 33 in file IO.s
   Uses
      None
Comment: GPIO_LOCK_KEY unused
GPIO_PORTF_AFSEL_R 40025420

Symbol: GPIO_PORTF_AFSEL_R
   Definitions
      At line 26 in file IO.s
   Uses
      At line 79 in file IO.s
Comment: GPIO_PORTF_AFSEL_R used once
GPIO_PORTF_AMSEL_R 40025528

Symbol: GPIO_PORTF_AMSEL_R
   Definitions
      At line 31 in file IO.s
   Uses
      At line 70 in file IO.s
Comment: GPIO_PORTF_AMSEL_R used once
GPIO_PORTF_CR_R 40025524

Symbol: GPIO_PORTF_CR_R
   Definitions
      At line 30 in file IO.s
   Uses
      At line 67 in file IO.s
Comment: GPIO_PORTF_CR_R used once
GPIO_PORTF_DATA_R 400253FC

Symbol: GPIO_PORTF_DATA_R
   Definitions
      At line 24 in file IO.s
   Uses
      At line 101 in file IO.s
      At line 122 in file IO.s
      At line 129 in file IO.s

GPIO_PORTF_DEN_R 4002551C

Symbol: GPIO_PORTF_DEN_R
   Definitions
      At line 28 in file IO.s
   Uses
      At line 85 in file IO.s
Comment: GPIO_PORTF_DEN_R used once
GPIO_PORTF_DIR_R 40025400



ARM Macro Assembler    Page 2 Alphabetic symbol ordering
Absolute symbols


Symbol: GPIO_PORTF_DIR_R
   Definitions
      At line 25 in file IO.s
   Uses
      At line 76 in file IO.s
Comment: GPIO_PORTF_DIR_R used once
GPIO_PORTF_LOCK_R 40025520

Symbol: GPIO_PORTF_LOCK_R
   Definitions
      At line 29 in file IO.s
   Uses
      At line 64 in file IO.s
Comment: GPIO_PORTF_LOCK_R used once
GPIO_PORTF_PCTL_R 4002552C

Symbol: GPIO_PORTF_PCTL_R
   Definitions
      At line 32 in file IO.s
   Uses
      At line 73 in file IO.s
Comment: GPIO_PORTF_PCTL_R used once
GPIO_PORTF_PUR_R 40025510

Symbol: GPIO_PORTF_PUR_R
   Definitions
      At line 27 in file IO.s
   Uses
      At line 82 in file IO.s
Comment: GPIO_PORTF_PUR_R used once
GREEN 00000008

Symbol: GREEN
   Definitions
      At line 42 in file IO.s
   Uses
      None
Comment: GREEN unused
LEDS 40025038

Symbol: LEDS
   Definitions
      At line 39 in file IO.s
   Uses
      None
Comment: LEDS unused
PF0 40025004

Symbol: PF0
   Definitions
      At line 34 in file IO.s
   Uses
      None
Comment: PF0 unused
PF1 40025008

Symbol: PF1
   Definitions



ARM Macro Assembler    Page 3 Alphabetic symbol ordering
Absolute symbols

      At line 35 in file IO.s
   Uses
      None
Comment: PF1 unused
PF2 40025010

Symbol: PF2
   Definitions
      At line 36 in file IO.s
   Uses
      None
Comment: PF2 unused
PF3 40025020

Symbol: PF3
   Definitions
      At line 37 in file IO.s
   Uses
      None
Comment: PF3 unused
PF4 40025040

Symbol: PF4
   Definitions
      At line 38 in file IO.s
   Uses
      None
Comment: PF4 unused
RED 00000002

Symbol: RED
   Definitions
      At line 40 in file IO.s
   Uses
      None
Comment: RED unused
SW1 00000010

Symbol: SW1
   Definitions
      At line 44 in file IO.s
   Uses
      None
Comment: SW1 unused
SW2 00000001

Symbol: SW2
   Definitions
      At line 45 in file IO.s
   Uses
      None
Comment: SW2 unused
SWITCHES 40025044

Symbol: SWITCHES
   Definitions
      At line 43 in file IO.s
   Uses
      None



ARM Macro Assembler    Page 4 Alphabetic symbol ordering
Absolute symbols

Comment: SWITCHES unused
SYSCTL_RCGCGPIO_R 400FE608

Symbol: SYSCTL_RCGCGPIO_R
   Definitions
      At line 46 in file IO.s
   Uses
      At line 58 in file IO.s
Comment: SYSCTL_RCGCGPIO_R used once
23 symbols



ARM Macro Assembler    Page 1 Alphabetic symbol ordering
External symbols

Delay1ms 00000000

Symbol: Delay1ms
   Definitions
      At line 18 in file IO.s
   Uses
      At line 100 in file IO.s
      At line 121 in file IO.s
      At line 128 in file IO.s

1 symbol
363 symbols in table
