/scratch/projects/BoothLab/math/Eduardo/1223/1223_V1_noBlueBoxResp
/scratch/projects/BoothLab/math/Eduardo/1223/1223_V2_noBlueBoxResp
/scratch/projects/BoothLab/math/Eduardo/1223/1223_T2V1
/scratch/projects/BoothLab/math/Eduardo/1228/1228_V4
/scratch/projects/BoothLab/math/Eduardo/1228/1228_T2
/scratch/projects/BoothLab/math/Eduardo/1228/1228_V1
/scratch/projects/BoothLab/math/Eduardo/1228/1228_V3
/scratch/projects/BoothLab/math/Eduardo/1228/1228_V2
/scratch/projects/BoothLab/math/Eduardo/1233/1233_T2V1
/scratch/projects/BoothLab/math/Eduardo/1233/1233_T2V2
/scratch/projects/BoothLab/math/Eduardo/1233/1233_V1
/scratch/projects/BoothLab/math/Eduardo/1236/1236_T2V1
/scratch/projects/BoothLab/math/Eduardo/1236/1236_V2
/scratch/projects/BoothLab/math/Eduardo/1236/1236_V1
/scratch/projects/BoothLab/math/Eduardo/1237/1237_V2
/scratch/projects/BoothLab/math/Eduardo/1237/1237_T2V1
/scratch/projects/BoothLab/math/Eduardo/1237/1237_V1
/scratch/projects/BoothLab/math/Eduardo/1237/1237_V3
/scratch/projects/BoothLab/math/Eduardo/1237/1237_V4
/scratch/projects/BoothLab/math/Eduardo/1240/1240_V1
/scratch/projects/BoothLab/math/Eduardo/1240/1240_T2V1
/scratch/projects/BoothLab/math/Eduardo/1240/1240_V2
/scratch/projects/BoothLab/math/Eduardo/1243/1243_T2V2
/scratch/projects/BoothLab/math/Eduardo/1243/1243_V2
/scratch/projects/BoothLab/math/Eduardo/1243/1243_T2V3
/scratch/projects/BoothLab/math/Eduardo/1243/1243_V3
/scratch/projects/BoothLab/math/Eduardo/1243/1243_T2
/scratch/projects/BoothLab/math/Eduardo/1253/1253_V2
/scratch/projects/BoothLab/math/Eduardo/1253/1253_V1
/scratch/projects/BoothLab/math/Eduardo/1253/1253_T2V1
/scratch/projects/BoothLab/math/Eduardo/1254/1254_V1
/scratch/projects/BoothLab/math/Eduardo/1254/1254_V2
/scratch/projects/BoothLab/math/Eduardo/1254/1254_T2V1 (copy)
/scratch/projects/BoothLab/math/Eduardo/1254/1254_T2V1
/scratch/projects/BoothLab/math/Eduardo/1255/1255_V2
/scratch/projects/BoothLab/math/Eduardo/1255/1255_V3
/scratch/projects/BoothLab/math/Eduardo/1255/1255_T2V1
/scratch/projects/BoothLab/math/Eduardo/1255/1255_V1
/scratch/projects/BoothLab/math/Eduardo/1268/1268_V2
/scratch/projects/BoothLab/math/Eduardo/1268/1268_V1
/scratch/projects/BoothLab/math/Eduardo/1268/1268_T2V1
/scratch/projects/BoothLab/math/Eduardo/1268/1268_V3
/scratch/projects/BoothLab/math/Eduardo/1273/1273_V2
/scratch/projects/BoothLab/math/Eduardo/1273/1273_T2V1
/scratch/projects/BoothLab/math/Eduardo/1273/1273_V1
/scratch/projects/BoothLab/math/Eduardo/1274/1274_T2V1
/scratch/projects/BoothLab/math/Eduardo/1274/1274_V2
/scratch/projects/BoothLab/math/Eduardo/1274/1274_V1
/scratch/projects/BoothLab/math/Eduardo/1274/1274_V3
/scratch/projects/BoothLab/math/Eduardo/1275/1275_T2V1
/scratch/projects/BoothLab/math/Eduardo/1275/1275_V1
/scratch/projects/BoothLab/math/Eduardo/1275/1275_T2V3
/scratch/projects/BoothLab/math/Eduardo/1275/1275_T2V2
/scratch/projects/BoothLab/math/Eduardo/1275/1275_V2
/scratch/projects/BoothLab/math/Eduardo/1276/1276_T2V1
/scratch/projects/BoothLab/math/Eduardo/1276/1276_V1
/scratch/projects/BoothLab/math/Eduardo/1276/1276_V2
/scratch/projects/BoothLab/math/Eduardo/1276/1276_V3
/scratch/projects/BoothLab/math/Eduardo/1277/1277_V1
/scratch/projects/BoothLab/math/Eduardo/1277/1277_T2V1
/scratch/projects/BoothLab/math/Eduardo/1277/1277_V2
/scratch/projects/BoothLab/math/Eduardo/1278/1278_V1
/scratch/projects/BoothLab/math/Eduardo/1278/1278_V2
/scratch/projects/BoothLab/math/Eduardo/1278/1278_T2V2
/scratch/projects/BoothLab/math/Eduardo/1278/1278_T2V1
/scratch/projects/BoothLab/math/Eduardo/1280/1280_T2V1
/scratch/projects/BoothLab/math/Eduardo/1280/1280_V1
/scratch/projects/BoothLab/math/Eduardo/1280/1280_V2
/scratch/projects/BoothLab/math/Eduardo/1286/1286_T2V1
/scratch/projects/BoothLab/math/Eduardo/1286/1286_V3
/scratch/projects/BoothLab/math/Eduardo/1286/1286_V1
/scratch/projects/BoothLab/math/Eduardo/1286/1286_V2
/scratch/projects/BoothLab/math/Eduardo/1287/1287_V2
/scratch/projects/BoothLab/math/Eduardo/1287/1287_V1
/scratch/projects/BoothLab/math/Eduardo/1287/1287_T2V1
/scratch/projects/BoothLab/math/Eduardo/1289/1289_V2
/scratch/projects/BoothLab/math/Eduardo/1289/1289_T2V1
/scratch/projects/BoothLab/math/Eduardo/1289/1289_V1
/scratch/projects/BoothLab/math/Eduardo/1289/1289_V3
/scratch/projects/BoothLab/math/Eduardo/1290/1290_V1
/scratch/projects/BoothLab/math/Eduardo/1290/1290_T2V1
/scratch/projects/BoothLab/math/Eduardo/1290/1290_V2
/scratch/projects/BoothLab/math/Eduardo/1291/1291_T2V1
/scratch/projects/BoothLab/math/Eduardo/1291/1291_V2
/scratch/projects/BoothLab/math/Eduardo/1291/1291_V1
/scratch/projects/BoothLab/math/Eduardo/1294/1294_V1
/scratch/projects/BoothLab/math/Eduardo/1294/1294_T2V1
/scratch/projects/BoothLab/math/Eduardo/1294/1294_V2
/scratch/projects/BoothLab/math/Eduardo/1295/1295_V2
/scratch/projects/BoothLab/math/Eduardo/1295/1295_T2V1
/scratch/projects/BoothLab/math/Eduardo/1295/1295_V1
/scratch/projects/BoothLab/math/Eduardo/1296/1296_T2V1
/scratch/projects/BoothLab/math/Eduardo/1296/1296_V2
/scratch/projects/BoothLab/math/Eduardo/1296/1296_V1
/scratch/projects/BoothLab/math/Eduardo/1296/1296_V3
/scratch/projects/BoothLab/math/Eduardo/1304/1304_T2V1
/scratch/projects/BoothLab/math/Eduardo/1304/1304_V3
/scratch/projects/BoothLab/math/Eduardo/1304/1304_V2
/scratch/projects/BoothLab/math/Eduardo/1304/1304_V1
/scratch/projects/BoothLab/math/Eduardo/1305/1305_V2
/scratch/projects/BoothLab/math/Eduardo/1305/1305_T2V1
/scratch/projects/BoothLab/math/Eduardo/1305/1305_V4
/scratch/projects/BoothLab/math/Eduardo/1305/1305_V3
/scratch/projects/BoothLab/math/Eduardo/1307/1307_V2
/scratch/projects/BoothLab/math/Eduardo/1307/1307_T2V1
/scratch/projects/BoothLab/math/Eduardo/1307/1307_V1
/scratch/projects/BoothLab/math/Eduardo/1310/1310_V1
/scratch/projects/BoothLab/math/Eduardo/1310/1310_T2V3
/scratch/projects/BoothLab/math/Eduardo/1310/1310_T2V1
/scratch/projects/BoothLab/math/Eduardo/1312/1312_V2
/scratch/projects/BoothLab/math/Eduardo/1312/1312_V1
/scratch/projects/BoothLab/math/Eduardo/1312/1312_T2V2
/scratch/projects/BoothLab/math/Eduardo/1312/1312_T2V1
/scratch/projects/BoothLab/math/Eduardo/1313/1313_V1
/scratch/projects/BoothLab/math/Eduardo/1313/1313_T2V2
/scratch/projects/BoothLab/math/Eduardo/1313/1313_T2V1
/scratch/projects/BoothLab/math/Eduardo/1313/1313_V2
/scratch/projects/BoothLab/math/Eduardo/1313/1313_V3
/scratch/projects/BoothLab/math/Eduardo/1315/1315_T2V1_wrongnumvols
/scratch/projects/BoothLab/math/Eduardo/1315/1315_V1
/scratch/projects/BoothLab/math/Eduardo/1315/1315_V2
/scratch/projects/BoothLab/math/Eduardo/1315/1315_T2V1
/scratch/projects/BoothLab/math/Eduardo/1316/1316_V2
/scratch/projects/BoothLab/math/Eduardo/1316/1316_T2V1
/scratch/projects/BoothLab/math/Eduardo/1316/1316_V1
/scratch/projects/BoothLab/math/Eduardo/1316/1316_T2V2
/scratch/projects/BoothLab/math/Eduardo/1317/1317_V1
/scratch/projects/BoothLab/math/Eduardo/1317/1317_V2
/scratch/projects/BoothLab/math/Eduardo/1317/1317_T2V1
/scratch/projects/BoothLab/math/Eduardo/1320/1320_V1
/scratch/projects/BoothLab/math/Eduardo/1320/1320_T2V1
/scratch/projects/BoothLab/math/Eduardo/1320/1320_V3
/scratch/projects/BoothLab/math/Eduardo/1320/1320_V2
/scratch/projects/BoothLab/math/Eduardo/1320/1320_T2V2
/scratch/projects/BoothLab/math/Eduardo/1321/1321_V2
/scratch/projects/BoothLab/math/Eduardo/1321/1321_V3
/scratch/projects/BoothLab/math/Eduardo/1321/1321_T2V1
/scratch/projects/BoothLab/math/Eduardo/1321/1321_V1
/scratch/projects/BoothLab/math/Eduardo/1322/1322_T2V2
/scratch/projects/BoothLab/math/Eduardo/1322/1322_V3
/scratch/projects/BoothLab/math/Eduardo/1322/1322_V1
/scratch/projects/BoothLab/math/Eduardo/1322/1322_V2
/scratch/projects/BoothLab/math/Eduardo/1322/1322_T2V1
/scratch/projects/BoothLab/math/Eduardo/1325/1325_T2V1
/scratch/projects/BoothLab/math/Eduardo/1325/1325_V2
/scratch/projects/BoothLab/math/Eduardo/1325/1325_V1
/scratch/projects/BoothLab/math/Eduardo/1330/1330_V2
/scratch/projects/BoothLab/math/Eduardo/1330/1330_T2V2
/scratch/projects/BoothLab/math/Eduardo/1330/1330_V3
/scratch/projects/BoothLab/math/Eduardo/1330/1330_T2V1
/scratch/projects/BoothLab/math/Eduardo/1330/1330_V1
/scratch/projects/BoothLab/math/Eduardo/1332/1332_V1
/scratch/projects/BoothLab/math/Eduardo/1332/1332_T2V1
/scratch/projects/BoothLab/math/Eduardo/1332/1332_T2V2
/scratch/projects/BoothLab/math/Eduardo/1332/1332_T2V22
/scratch/projects/BoothLab/math/Eduardo/1332/1332_V2
/scratch/projects/BoothLab/math/Eduardo/1334/1334_V2V1
/scratch/projects/BoothLab/math/Eduardo/1334/1334_V2
/scratch/projects/BoothLab/math/Eduardo/1334/1334_T2V3
/scratch/projects/BoothLab/math/Eduardo/1334/1334_V1
/scratch/projects/BoothLab/math/Eduardo/1340/1340_V1
/scratch/projects/BoothLab/math/Eduardo/1340/1340_T2
/scratch/projects/BoothLab/math/Eduardo/1340/1340_V2
/scratch/projects/BoothLab/math/Eduardo/1341/1341_V2
/scratch/projects/BoothLab/math/Eduardo/1341/1341_V1
/scratch/projects/BoothLab/math/Eduardo/1341/1341_T2V1
/scratch/projects/BoothLab/math/Eduardo/1342/1342_T2V1
/scratch/projects/BoothLab/math/Eduardo/1342/1342_V2
/scratch/projects/BoothLab/math/Eduardo/1342/1342_V1
/scratch/projects/BoothLab/math/Eduardo/1345/1345_V1
/scratch/projects/BoothLab/math/Eduardo/1345/1345_T2
/scratch/projects/BoothLab/math/Eduardo/1345/1345_V2
/scratch/projects/BoothLab/math/Eduardo/1348/1348_V2
/scratch/projects/BoothLab/math/Eduardo/1348/1348_T2V1
/scratch/projects/BoothLab/math/Eduardo/1348/1348_V1
/scratch/projects/BoothLab/math/Eduardo/1348/1348_V3
/scratch/projects/BoothLab/math/Eduardo/1350/1350_V2
/scratch/projects/BoothLab/math/Eduardo/1350/1350_V3
/scratch/projects/BoothLab/math/Eduardo/1350/1350_T2V1_2
/scratch/projects/BoothLab/math/Eduardo/1350/1350_V1
/scratch/projects/BoothLab/math/Eduardo/1350/1350_T2V1
/scratch/projects/BoothLab/math/Eduardo/1352/1352_V2
/scratch/projects/BoothLab/math/Eduardo/1352/1352_V1
/scratch/projects/BoothLab/math/Eduardo/1352/1352_T2V1
/scratch/projects/BoothLab/math/Eduardo/1352/1352_T2V1_2
/scratch/projects/BoothLab/math/Eduardo/1353/1353_T2V1
/scratch/projects/BoothLab/math/Eduardo/1353/1353_V3
/scratch/projects/BoothLab/math/Eduardo/1353/1353_V1practice
/scratch/projects/BoothLab/math/Eduardo/1353/1353_V4
/scratch/projects/BoothLab/math/Eduardo/1353/1353_V2
/scratch/projects/BoothLab/math/Eduardo/1353/1353_V1
/scratch/projects/BoothLab/math/Eduardo/1358/1358_T2V1
/scratch/projects/BoothLab/math/Eduardo/1358/1358_V1
/scratch/projects/BoothLab/math/Eduardo/1358/1358_V2
/scratch/projects/BoothLab/math/Eduardo/1362/1362_V2
/scratch/projects/BoothLab/math/Eduardo/1362/1362_V1
/scratch/projects/BoothLab/math/Eduardo/1362/1362_T2V1
/scratch/projects/BoothLab/math/Eduardo/11205/11205_V1
/scratch/projects/BoothLab/math/Eduardo/11205/11205_T2V1
/scratch/projects/BoothLab/math/Eduardo/11205/11205_V2
/scratch/projects/BoothLab/math/Eduardo/11205/11205_V3
